<?xml version="1.0" encoding="UTF-8"?>
<!-- Generated by org.testng.reporters.JUnitXMLReporter -->
<testsuite hostname="DESKTOP-PR07NF6" ignored="2" name="Default test" tests="1" failures="0" timestamp="27 Jul 2018 06:16:14 GMT" time="2.686" errors="0">
  <testcase name="deleteAPI" time="2.649" classname="com.qa.tests.UsingSimpleJson"/>
  <testcase name="postAPI" time="0.0" classname="com.qa.tests.UsingSimpleJson">
    <ignored/>
  </testcase> <!-- postAPI -->
  <testcase name="putAPI" time="0.0" classname="com.qa.tests.UsingSimpleJson">
    <ignored/>
  </testcase> <!-- putAPI -->
</testsuite> <!-- Default test -->
