<?xml version="1.0" encoding="UTF-8"?>
<testng-results skipped="0" failed="0" ignored="0" total="1" passed="1">
  <reporter-output>
  </reporter-output>
  <suite name="Default suite" duration-ms="2774" started-at="2018-07-25T06:44:24Z" finished-at="2018-07-25T06:44:27Z">
    <groups>
    </groups>
    <test name="Default test" duration-ms="2774" started-at="2018-07-25T06:44:24Z" finished-at="2018-07-25T06:44:27Z">
      <class name="com.qa.tests.PostAPITest">
        <test-method status="PASS" signature="setup()[pri:0, instance:com.qa.tests.PostAPITest@39aeed2f]" name="setup" is-config="true" duration-ms="8" started-at="2018-07-25T06:44:24Z" finished-at="2018-07-25T06:44:24Z">
          <reporter-output>
          </reporter-output>
        </test-method> <!-- setup -->
        <test-method status="PASS" signature="postAPIWithHeaders()[pri:0, instance:com.qa.tests.PostAPITest@39aeed2f]" name="postAPIWithHeaders" duration-ms="2716" started-at="2018-07-25T06:44:24Z" finished-at="2018-07-25T06:44:27Z">
          <reporter-output>
          </reporter-output>
        </test-method> <!-- postAPIWithHeaders -->
      </class> <!-- com.qa.tests.PostAPITest -->
    </test> <!-- Default test -->
  </suite> <!-- Default suite -->
</testng-results>
